make[1]: Entering directory '/media/sf_shared/cw/last-chance/working/MIPSDontLie'
g++ -W -Wall -std=c++11 -c ./src/simulator.cpp -o ./src/simulator.o
./src/simulator.cpp: In function ‘int main(int, char**)’:
./src/simulator.cpp:10:9: warning: variable ‘index’ set but not used [-Wunused-but-set-variable]
     int index;
         ^
./src/simulator.cpp: At global scope:
./src/simulator.cpp:8:14: warning: unused parameter ‘argc’ [-Wunused-parameter]
 int main(int argc, char* argv[]){
              ^
g++ -W -Wall -std=c++11 -c ./src/instruction_api.cpp -o ./src/instruction_api.o
./src/instruction_api.cpp:320:60: warning: unused parameter ‘type’ [-Wunused-parameter]
 int div_instruction(const uint32_t instruction, const char type){
                                                            ^
./src/instruction_api.cpp:347:60: warning: unused parameter ‘type’ [-Wunused-parameter]
 int mul_instruction(const uint32_t instruction, const char type){
                                                            ^
./src/instruction_api.cpp:401:62: warning: unused parameter ‘type’ [-Wunused-parameter]
 int store_instruction(const uint32_t instruction, const char type){
                                                              ^
./src/instruction_api.cpp:423:62: warning: unused parameter ‘type’ [-Wunused-parameter]
 int shift_instruction(const uint32_t instruction, const char type){
                                                              ^
./src/instruction_api.cpp:498:60: warning: unused parameter ‘type’ [-Wunused-parameter]
 int sub_instruction(const uint32_t instruction, const char type){
                                                            ^
./src/instruction_api.cpp:526:60: warning: unused parameter ‘type’ [-Wunused-parameter]
 int mov_instruction(const uint32_t instruction, const char type){
                                                            ^
./src/instruction_api.cpp:552:63: warning: unused parameter ‘type’ [-Wunused-parameter]
 int branch_instruction(const uint32_t instruction, const char type){
                                                               ^
./src/instruction_api.cpp:676:61: warning: unused parameter ‘type’ [-Wunused-parameter]
 int load_instruction(const uint32_t instruction, const char type){
                                                             ^
g++ -W -Wall -std=c++11 -c ./src/memory.cpp -o ./src/memory.o
mkdir -p bin
rm -f ./bin/mips_simulator
g++ -W -Wall ./src/simulator.o ./src/instruction_api.o ./src/memory.o -o ./bin/mips_simulator
make[1]: Leaving directory '/media/sf_shared/cw/last-chance/working/MIPSDontLie'
